"../../../Engine/Content/Functions/Engine_MaterialFunctions01/Shading/PowerToRoughness.uasset" 0
"../../../Engine/Content/EngineMaterials/DefaultDiffuse.uasset" 1
"../../../Engine/Content/EngineMaterials/DefaultDeferredDecalMaterial.uasset" 2
"../../../Engine/Content/EngineMaterials/DefaultLightFunctionMaterial.uasset" 3
"../../../Engine/Content/Functions/Engine_MaterialFunctions02/Utility/BreakOutFloat2Components.uasset" 4
"../../../Engine/Content/EngineMaterials/DefaultPostProcessMaterial.uasset" 5
"../../../Engine/Content/EditorMaterials/Camera/CineMat.uasset" 6
"../../../Engine/Content/EditorMaterials/Camera/MI_CineMat_Rig.uasset" 7
"../../../Engine/Content/EditorMeshes/Camera/SM_CraneRig_Base.uasset" 8
"../../../Engine/Content/EditorMeshes/Camera/SM_CraneRig_Arm.uasset" 9
"../../../Engine/Content/EditorMeshes/Camera/SM_CraneRig_Mount.uasset" 10
"../../../Engine/Content/EditorMeshes/Camera/SM_CraneRig_Body.uasset" 11
"../../../Engine/Content/EditorMeshes/Camera/SM_RailRig_Track.uasset" 12
"../../../Engine/Content/EditorMeshes/Camera/SM_RailRig_Mount.uasset" 13
"../../../Engine/Content/EditorResources/MatineeCam_D.uasset" 14
"../../../Engine/Content/EditorMaterials/MatineeCam_mat.uasset" 15
"../../../Engine/Content/EditorMeshes/MatineeCam_SM.uasset" 16
"../../../Engine/Content/EditorMaterials/Camera/MI_CineMat_CameraBody.uasset" 17
"../../../Engine/Content/EngineDebugMaterials/M_SimpleOpaque.uasset" 18
"../../../Engine/Content/EditorMaterials/Camera/MI_CineMat_CamViewFinder.uasset" 19
"../../../Engine/Content/EditorMeshes/Camera/SM_CineCam.uasset" 20
"../../../Engine/Content/Functions/Engine_MaterialFunctions01/Opacity/CameraDepthFade.uasset" 21
"../../../Engine/Content/EngineMaterials/T_Default_Material_Grid_M.uasset" 22
"../../../Engine/Content/EngineMaterials/T_Default_Material_Grid_N.uasset" 23
"../../../Engine/Content/EngineMaterials/WorldGridMaterial.uasset" 24
"../../../Engine/Content/ArtTools/RenderToTexture/Meshes/S_1_Unit_Plane.uasset" 25
"../../../Engine/Content/EngineDebugMaterials/M_SimpleTranslucent.uasset" 26
"../../../Engine/Content/EngineResources/AICON-Red.uasset" 27
"../../../Engine/Content/EngineResources/AICON-Green.uasset" 28
"../../../Engine/Content/EngineFonts/Roboto.uasset" 29
"../../../Engine/Content/EngineResources/DefaultTexture.uasset" 30
"../../../Engine/Content/Functions/Engine_MaterialFunctions01/Texturing/ScaleUVsByCenter.uasset" 31
"../../../Engine/Content/Functions/Engine_MaterialFunctions02/ScreenResolution.uasset" 32
"../../../Engine/Content/Functions/Engine_MaterialFunctions02/Texturing/ScreenAlignedUVs.uasset" 33
"../../../Engine/Content/EngineResources/WhiteSquareTexture.uasset" 34
"../../../Engine/Content/EngineMaterials/Widget3DPassThrough.uasset" 35
"../../../Engine/Content/EngineMaterials/Widget3DPassThrough_Translucent.uasset" 36
"../../../Engine/Content/EngineMaterials/Widget3DPassThrough_Translucent_OneSided.uasset" 37
"../../../Engine/Content/EngineMaterials/Widget3DPassThrough_Opaque.uasset" 38
"../../../Engine/Content/EngineMaterials/Widget3DPassThrough_Opaque_OneSided.uasset" 39
"../../../Engine/Content/EngineMaterials/Widget3DPassThrough_Masked.uasset" 40
"../../../Engine/Content/EngineMaterials/Widget3DPassThrough_Masked_OneSided.uasset" 41
"../../../Engine/Content/EditorResources/S_Actor.uasset" 42
"../../../Engine/Content/EditorResources/S_LevelSequence.uasset" 43
"../../../Engine/Content/EditorMaterials/AssetViewer/EpicQuadPanorama_CC+EV1.uasset" 44
"../../../Engine/Content/EditorResources/RGBTable16x1_AssetViewer.uasset" 45
"../../../Engine/Content/EditorResources/Bad.uasset" 46
"../../../Engine/Content/EditorMeshes/EditorCube.uasset" 47
"../../../Engine/Content/EditorMeshes/EditorSphere.uasset" 48
"../../../Engine/Content/EditorMeshes/EditorPlane.uasset" 49
"../../../Engine/Content/EditorMeshes/EditorCylinder.uasset" 50
"../../../Engine/Content/Maps/Templates/Thumbnails/Default.uasset" 51
"../../../Engine/Content/Maps/Templates/Thumbnails/VR-Basic.uasset" 52
"../../../Engine/Content/EditorMaterials/Thumbnails/SkySphereMaterial.uasset" 53
"../../../Engine/Content/EditorMeshes/EditorSkySphere.uasset" 54
"../../../Engine/Content/EngineMaterials/Grid.uasset" 55
"../../../Engine/Content/EditorMaterials/Thumbnails/FloorPlaneMaterial.uasset" 56
"../../../Engine/Content/MapTemplates/Sky/DaylightAmbientCubemap.uasset" 57
"../../../Engine/Content/EditorMaterials/ParticleSystems/PSysThumbnail_NoImage.uasset" 58
"../../../Engine/Content/EditorMaterials/ParticleSystems/PSysThumbnail_OOD.uasset" 59
"../../../Engine/Content/EditorResources/S_DecalActorIcon.uasset" 60
"../../../Engine/Content/EditorLandscapeResources/LandscapeGizmo_Mat.uasset" 61
"../../../Engine/Content/EditorLandscapeResources/LandscapeGizmo_Mat_Copied.uasset" 62
"../../../Engine/Content/EditorLandscapeResources/LandscapeGizmoHeight_Mat.uasset" 63
"../../../Engine/Content/EditorLandscapeResources/DataLayer.uasset" 64
"../../../Engine/Content/EditorResources/S_Terrain.uasset" 65
"../../../Engine/Content/EditorLandscapeResources/SplineEditorMeshMat.uasset" 66
"../../../Engine/Content/EditorLandscapeResources/SplineEditorMesh.uasset" 67
"../../../Engine/Content/Functions/Engine_MaterialFunctions02/Utility/Sign.uasset" 68
"../../../Engine/Content/Functions/Engine_MaterialFunctions02/Utility/Round.uasset" 69
"../../../Engine/Content/Functions/Engine_MaterialFunctions02/ExampleContent/Textures/flipbook.uasset" 70
"../../../Engine/Content/Functions/Engine_MaterialFunctions02/Texturing/FlipBook.uasset" 71
"../../../Engine/Content/EditorResources/T_EditorHelp.uasset" 72
"../../../Engine/Content/EditorMaterials/HelpActorMaterial.uasset" 73
"../../../Engine/Content/EditorResources/S_Emitter.uasset" 74
"../../../Engine/Content/EditorResources/S_ExpoHeightFog.uasset" 75
"../../../Engine/Content/EditorResources/S_NavP.uasset" 76
"../../../Engine/Content/EditorResources/S_Player.uasset" 77
"../../../Engine/Content/EditorResources/LightIcons/SkyLight.uasset" 78
"../../../Engine/Content/EditorResources/S_WindDirectional.uasset" 79
"../../../Engine/Content/EngineDamageTypes/DmgTypeBP_Environmental.uasset" 80
"../../../Engine/Content/EditorResources/LightIcons/S_LightDirectional.uasset" 81
"../../../Engine/Content/EditorResources/LightIcons/S_LightDirectionalMove.uasset" 82
"../../../Engine/Content/EditorResources/LightIcons/S_LightPoint.uasset" 83
"../../../Engine/Content/EditorResources/LightIcons/S_LightPointMove.uasset" 84
"../../../Engine/Content/EditorResources/LightIcons/S_LightSpot.uasset" 85
"../../../Engine/Content/EditorResources/LightIcons/S_LightSpotMove.uasset" 86
"../../../Engine/Content/EditorResources/S_PortalActorIcon2.uasset" 87
"../../../Engine/Content/EditorResources/MatInstActSprite.uasset" 88
"../../../Engine/Content/EditorResources/SceneManager.uasset" 89
"../../../Engine/Content/EditorResources/AI/S_NavLink.uasset" 90
"../../../Engine/Content/EditorResources/S_Note.uasset" 91
"../../../Engine/Content/EngineMeshes/Sphere.uasset" 92
"../../../Engine/Content/EditorResources/S_ReflActorIcon.uasset" 93
"../../../Engine/Content/EditorResources/S_Thruster.uasset" 94
"../../../Engine/Content/EditorResources/S_RadForce.uasset" 95
"../../../Engine/Content/EditorMaterials/TargetIcon.uasset" 96
"../../../Engine/Content/EngineFonts/RobotoDistanceField.uasset" 97
"../../../Engine/Content/EngineMaterials/DefaultTextMaterialOpaque.uasset" 98
"../../../Engine/Content/EditorResources/S_TextRenderActorIcon.uasset" 99
"../../../Engine/Content/EditorResources/S_Trigger.uasset" 100
"../../../Engine/Content/EditorResources/S_VectorFieldVol.uasset" 101
"../../../Engine/Content/EngineResources/GradientTexture0.uasset" 102
"../../../Engine/Content/EngineResources/Black.uasset" 103
"../../../Engine/Content/EditorMaterials/MatineeGroups/MAT_Groups_Float.uasset" 104
"../../../Engine/Content/EditorMaterials/MatineeGroups/MAT_Groups_Director.uasset" 105
"../../../Engine/Content/EditorMaterials/MatineeGroups/MAT_Groups_Event.uasset" 106
"../../../Engine/Content/EditorMaterials/MatineeGroups/MAT_Groups_Anim.uasset" 107
"../../../Engine/Content/EditorMaterials/MatineeGroups/MAT_Groups_Fade.uasset" 108
"../../../Engine/Content/EditorMaterials/MatineeGroups/MAT_Groups_Move.uasset" 109
"../../../Engine/Content/EditorMaterials/MatineeGroups/MAT_Groups_Slomo.uasset" 110
"../../../Engine/Content/EditorMaterials/MatineeGroups/MAT_ColorTrack.uasset" 111
"../../../Engine/Content/EditorMaterials/MAT_Groups_Toggle.uasset" 112
"../../../Engine/Content/EditorMaterials/MatineeGroups/MAT_Groups_AudioMaster.uasset" 113
"../../../Engine/Content/EditorMaterials/MatineeGroups/MAT_Groups_Sound.uasset" 114
"../../../Engine/Content/EditorMaterials/MatineeGroups/MAT_Groups_Vector.uasset" 115
"../../../Engine/Content/EditorMaterials/MAT_Groups_Visibility.uasset" 116
"../../../Engine/Content/EngineResources/DefaultTextureCube.uasset" 117
"../../../Engine/Content/EngineMaterials/DefaultMaterial.uasset" 118
"../../../Engine/Content/EngineMeshes/Cylinder.uasset" 119
"../../../Engine/Content/EngineTireTypes/DefaultTireType.uasset" 120
"../../../Engine/Content/EditorResources/S_FTest.uasset" 121
"../../../Engine/Content/VREditor/LaserPointer/VR_LaserPower_01.uasset" 122
"../../../Engine/Content/VREditor/TransformGizmo/TransformGizmoMaterial.uasset" 123
"../../../Engine/Content/VREditor/TransformGizmo/TranslucentTransformGizmoMaterial.uasset" 124
"../../../Engine/Content/VREditor/TransformGizmo/UniformScaleHandle.uasset" 125
"../../../Engine/Content/VREditor/TransformGizmo/TranslateHandleLong.uasset" 126
"../../../Engine/Content/VREditor/TransformGizmo/PlaneTranslationHandle.uasset" 127
"../../../Engine/Content/VREditor/TransformGizmo/RotationHandleFull.uasset" 128
"../../../Engine/Content/VREditor/TransformGizmo/StretchingHandle.uasset" 129
"../../../Engine/Content/VREditor/TransformGizmo/BoundingBoxCorner.uasset" 130
"../../../Engine/Content/VREditor/TransformGizmo/BoundingBoxEdge.uasset" 131
"../../../Engine/Content/VREditor/UI/SelectionBarMesh.uasset" 132
"../../../Engine/Content/VREditor/UI/CloseButtonMesh.uasset" 133
"../../../Engine/Content/VREditor/FloatingText/LineMaterial.uasset" 134
"../../../Engine/Content/VREditor/FloatingText/LineSegmentCylinder.uasset" 135
"../../../Engine/Content/VREditor/FloatingText/JointSphere.uasset" 136
"../../../Engine/Content/VREditor/Fonts/VRText_RobotoLarge.uasset" 137
"../../../Engine/Content/VREditor/Fonts/VRTextMaterial.uasset" 138
"../../../Engine/Content/VREditor/Fonts/TranslucentVRTextMaterial.uasset" 139
"../../../Engine/Content/VREditor/TransformGizmo/TranslationHandle.uasset" 140
"../../../Engine/Content/VREditor/TransformGizmo/RotationHandle.uasset" 141
"../../../Engine/Content/VREditor/Devices/Generic/GenericHMDMaterial.uasset" 142
"../../../Engine/Content/VREditor/Devices/Generic/GenericHMD.uasset" 143
"../../../Engine/Content/Functions/Engine_MaterialFunctions01/Gradient/RadialGradient.uasset" 144
"../../../Engine/Content/EditorLandscapeResources/FlattenHeightMat.uasset" 145
"../../../Engine/Content/VREditor/WorldMovementGrid/PlaneMesh.uasset" 146
"../../../Engine/Content/VREditor/WorldMovementGrid/SimpleGrid.uasset" 147
"../../../Engine/Content/VREditor/WorldMovementGrid/GridMaterial.uasset" 148
"../../../Engine/Content/VREditor/LaserPointer/LaserPointerMaterial.uasset" 149
"../../../Engine/Content/VREditor/LaserPointer/LaserPointerMaterialInst.uasset" 150
"../../../Engine/Content/VREditor/LaserPointer/TranslucentLaserPointerMaterialInst.uasset" 151
"../../../Engine/Content/VREditor/LaserPointer/LaserPointerMesh.uasset" 152
"../../../Engine/Content/Functions/Engine_MaterialFunctions01/Density/ExponentialDensity.uasset" 153
"../../../Engine/Content/VREditor/WorldMovementGrid/GridPostProcess.uasset" 154
"../../../Engine/Content/VREditor/Sounds/VR_teleport_Cue.uasset" 155
"../../../Engine/Content/VREditor/Sounds/VR_grab_Cue.uasset" 156
"../../../Engine/Plugins/2D/Paper2D/Content/PlaceholderTextures/DummySpriteTexture.uasset" 157
"../../../Engine/Plugins/2D/Paper2D/Content/DummySpriteTexture.uasset" 158
"../../../Engine/Plugins/2D/Paper2D/Content/DefaultSpriteMaterial.uasset" 159
"../../../Engine/Plugins/2D/Paper2D/Content/MaskedUnlitSpriteMaterial.uasset" 160
"../../../Engine/Plugins/2D/Paper2D/Content/OpaqueUnlitSpriteMaterial.uasset" 161
"../../../Engine/Plugins/2D/Paper2D/Content/DummySprite.uasset" 162
"../../../Engine/Plugins/2D/Paper2D/Content/DefaultPaperTerrainMaterial.uasset" 163
"../../../Engine/Content/EditorSounds/Notifications/CompileSuccess.uasset" 164
"../../../Engine/Content/EditorSounds/Notifications/CompileStart_Cue.uasset" 165
"../../../Engine/Content/EditorSounds/Notifications/CompileSuccess_Cue.uasset" 166
"../../../Engine/Content/EditorSounds/Notifications/CompileFailed.uasset" 167
"../../../Engine/Content/EditorSounds/Notifications/CompileFailed_Cue.uasset" 168
"../../../Engine/Content/BufferVisualization/BaseColor.uasset" 169
"../../../Engine/Content/BufferVisualization/CustomDepth.uasset" 170
"../../../Engine/Content/Functions/Engine_MaterialFunctions02/Utility/MakeFloat2.uasset" 171
"../../../Engine/Content/Functions/Engine_MaterialFunctions02/Utility/MakeFloat3.uasset" 172
"../../../Engine/Content/EngineMaterials/MiniFont.uasset" 173
"../../../Engine/Content/BufferVisualization/CustomStencil.uasset" 174
"../../../Engine/Content/BufferVisualization/FinalImage.uasset" 175
"../../../Engine/Content/BufferVisualization/LightingModel.uasset" 176
"../../../Engine/Content/BufferVisualization/MaterialAO.uasset" 177
"../../../Engine/Content/BufferVisualization/Metallic.uasset" 178
"../../../Engine/Content/BufferVisualization/Opacity.uasset" 179
"../../../Engine/Content/BufferVisualization/Roughness.uasset" 180
"../../../Engine/Content/BufferVisualization/SceneColor.uasset" 181
"../../../Engine/Content/BufferVisualization/SceneDepth.uasset" 182
"../../../Engine/Content/BufferVisualization/SeparateTranslucencyRGB.uasset" 183
"../../../Engine/Content/BufferVisualization/SeparateTranslucencyA.uasset" 184
"../../../Engine/Content/BufferVisualization/Specular.uasset" 185
"../../../Engine/Content/BufferVisualization/SubsurfaceColor.uasset" 186
"../../../Engine/Content/BufferVisualization/WorldNormal.uasset" 187
"../../../Engine/Content/EngineMaterials/DefaultPhysicalMaterial.uasset" 188
"../../../Engine/Content/BufferVisualization/AmbientOcclusion.uasset" 189
"../../../Engine/Content/Functions/Engine_MaterialFunctions02/Utility/VectorLength.uasset" 190
"../../../Engine/Content/BufferVisualization/CustomDepthWorldUnits.uasset" 191
"../../../Engine/Content/BufferVisualization/SceneDepthWorldUnits.uasset" 192
"../../../Engine/Content/BufferVisualization/HDRColor.uasset" 193
"../../../Engine/Content/Tutorial/Landscape/TutorialAssets/Landscape.uasset" 194
"../../../Engine/Content/Tutorial/Basics/TutorialAssets/icon_tab_Levels_40x.uasset" 195
"../../../Engine/Content/EngineMaterials/HighResolutionScreenshotMaskFunction.uasset" 196
"../../../Engine/Content/EngineMaterials/HighResScreenshot.uasset" 197
"../../../Engine/Content/EngineMaterials/HighResScreenshotMask.uasset" 198
"../../../Engine/Content/EngineMaterials/HighResScreenshotCaptureRegion.uasset" 199
"../../../Engine/Content/EngineDebugMaterials/WireframeMaterial.uasset" 200
"../../../Engine/Content/Functions/Engine_MaterialFunctions01/Shading/ConvertFromDiffSpec.uasset" 201
"../../../Engine/Content/EngineDebugMaterials/LevelColorationLitMaterial.uasset" 202
"../../../Engine/Content/EngineDebugMaterials/LevelColorationUnlitMaterial.uasset" 203
"../../../Engine/Content/EngineMaterials/DefaultWhiteGrid.uasset" 204
"../../../Engine/Content/EngineDebugMaterials/MAT_LevelColorationLitLightmapUV.uasset" 205
"../../../Engine/Content/EngineDebugMaterials/ShadedLevelColorationLitMaterial.uasset" 206
"../../../Engine/Content/EngineDebugMaterials/ShadedLevelColorationUnlitMateri.uasset" 207
"../../../Engine/Content/EngineDebugMaterials/VertexColorMaterial.uasset" 208
"../../../Engine/Content/EngineDebugMaterials/VertexColorViewMode_ColorOnly.uasset" 209
"../../../Engine/Content/EngineDebugMaterials/VertexColorViewMode_AlphaAsColor.uasset" 210
"../../../Engine/Content/EngineDebugMaterials/VertexColorViewMode_RedOnly.uasset" 211
"../../../Engine/Content/EngineDebugMaterials/VertexColorViewMode_GreenOnly.uasset" 212
"../../../Engine/Content/EngineDebugMaterials/VertexColorViewMode_BlueOnly.uasset" 213
"../../../Engine/Content/EngineMaterials/RemoveSurfaceMaterial.uasset" 214
"../../../Engine/Content/EngineDebugMaterials/DebugMeshMaterial.uasset" 215
"../../../Engine/Content/EngineMaterials/InvalidLightmapSettings.uasset" 216
"../../../Engine/Content/EngineMaterials/M_InvalidLightmapSettings.uasset" 217
"../../../Engine/Content/EditorMaterials/GizmoMaterial.uasset" 218
"../../../Engine/Content/EngineMaterials/PhAT_JointLimitMaterial.uasset" 219
"../../../Engine/Content/EngineDebugMaterials/GeomMaterial.uasset" 220
"../../../Engine/Content/EngineMaterials/EditorBrushMaterial.uasset" 221
"../../../Engine/Content/EngineDebugMaterials/HeatmapGradient.uasset" 222
"../../../Engine/Content/EngineDebugMaterials/BoneWeightMaterial.uasset" 223
"../../../Engine/Content/EditorMaterials/PreviewShadowIndicator.uasset" 224
"../../../Engine/Content/EditorMaterials/PreviewShadowIndicatorMaterial.uasset" 225
"../../../Engine/Content/EditorResources/BSPVertex.uasset" 226
"../../../Engine/Content/EngineMaterials/Good64x64TilingNoiseHighFreq.uasset" 227
"../../../Engine/Content/EngineMaterials/DefaultBokeh.uasset" 228
"../../../Engine/Content/EngineMaterials/PreintegratedSkinBRDF.uasset" 229
"../../../Engine/Content/EngineMaterials/WeightMapPlaceholderTexture.uasset" 230
"../../../Engine/Content/EngineFonts/RobotoTiny.uasset" 231
"../../../Engine/Content/Tutorial/ContentIntroCurve.uasset" 232
"../../../Engine/Content/EditorMaterials/Cross.uasset" 233
"../../../Engine/Content/EditorMaterials/Cross_Mat.uasset" 234
"../../../Engine/Content/EditorMaterials/PhAT_BoneSelectedMaterial.uasset" 235
"../../../Engine/Content/EditorMaterials/PhAT_ElemSelectedMaterial.uasset" 236
"../../../Engine/Content/EditorMaterials/PhAT_NoCollisionMaterial.uasset" 237
"../../../Engine/Content/EditorMaterials/PhAT_UnselectedMaterial.uasset" 238
"../../../Engine/Content/EditorMaterials/Tick.uasset" 239
"../../../Engine/Content/EditorMaterials/Tick_Mat.uasset" 240
"../../../Engine/Content/EditorMaterials/WidgetGridVertexColorMaterial.uasset" 241
"../../../Engine/Content/EditorMaterials/WidgetGridVertexColorMaterial_Ma.uasset" 242
"../../../Engine/Content/EditorMaterials/WidgetMaterial.uasset" 243
"../../../Engine/Content/EditorMaterials/WidgetMaterial_Current.uasset" 244
"../../../Engine/Content/EditorMaterials/WidgetMaterial_X.uasset" 245
"../../../Engine/Content/EditorMaterials/WidgetMaterial_Y.uasset" 246
"../../../Engine/Content/EditorMaterials/WidgetMaterial_Z.uasset" 247
"../../../Engine/Content/EditorMaterials/WidgetVertexColorMaterial.uasset" 248
"../../../Engine/Content/EditorMaterials/CompositeARGBLayer.uasset" 249
"../../../Engine/Content/EditorMaterials/TilingAALineIntegral.uasset" 250
"../../../Engine/Content/EditorMaterials/TilingAALineBoxFiltered.uasset" 251
"../../../Engine/Content/Functions/Engine_MaterialFunctions03/Procedurals/ComputeFilterWidth.uasset" 252
"../../../Engine/Content/EditorMaterials/TilingAADots.uasset" 253
"../../../Engine/Content/EditorMaterials/Cascade/CASC_Cross.uasset" 254
"../../../Engine/Content/EditorMaterials/Cascade/CASC_None.uasset" 255
"../../../Engine/Content/Functions/Engine_MaterialFunctions03/Blends/Blend_Screen.uasset" 256
"../../../Engine/Content/EditorMaterials/TilingAAGrid.uasset" 257
"../../../Engine/Content/EditorMaterials/LevelGridMaterial.uasset" 258
"../../../Engine/Content/EditorResources/SmallFont.uasset" 259
"../../../Engine/Content/EditorResources/S_KBSJoint.uasset" 260
"../../../Engine/Content/EditorResources/S_KHinge.uasset" 261
"../../../Engine/Content/EditorResources/S_KPrismatic.uasset" 262
"../../../Engine/Content/EditorResources/LightIcons/S_LightError.uasset" 263
"../../../Engine/Content/EditorResources/Spline/T_Loft_Spline.uasset" 264
"../../../Engine/Content/EngineMaterials/BlinkingCaret.uasset" 265
"../../../Engine/Content/EngineMaterials/DefaultNormal.uasset" 266
"../../../Engine/Content/EngineMaterials/Grid_N.uasset" 267
"../../../Engine/Content/EngineMaterials/LandscapeHolePhysicalMaterial.uasset" 268
"../../../Engine/Content/EngineMaterials/PaperDiffuse.uasset" 269
"../../../Engine/Content/EngineMaterials/PaperNormal.uasset" 270
"../../../Engine/Content/EngineMaterials/PhysMat_Rubber.uasset" 271
"../../../Engine/Content/EngineFonts/SmallFont.uasset" 272
"../../../Engine/Content/EngineFonts/TinyFont.uasset" 273
"../../../Engine/Content/EngineResources/StreamingPauseIcon.uasset" 274
"../../../Engine/Content/EngineResources/M_StreamingPause.uasset" 275
"../../../Engine/Content/BasicShapes/Cube.uasset" 276
"../../../Engine/Content/BasicShapes/Cylinder.uasset" 277
"../../../Engine/Content/BasicShapes/Cone.uasset" 278
"../../../Engine/Content/EditorResources/SequenceRecorder/Countdown.uasset" 279
"../../../Engine/Content/EditorResources/SequenceRecorder/RecordingIndicator.uasset" 280
"../../../Engine/Content/EditorLandscapeResources/DefaultAlphaTexture.uasset" 281
"../../../Engine/Content/EngineMeshes/Humanoid.uasset" 282
"../../../Engine/Content/Functions/Engine_MaterialFunctions02/Utility/BlendAngleCorrectedNormals.uasset" 283
"../../../Engine/Content/Functions/MaterialLayerFunctions/MatLayerBlend_AO.uasset" 284
"../../../Engine/Content/Functions/MaterialLayerFunctions/MatLayerBlend_NormalBlend.uasset" 285
"../../../Engine/Content/Functions/MaterialLayerFunctions/MatLayerBlend_Simple.uasset" 286
"../../../GoblinInvasion/Content/AdvancedTurnBasedTileToolkit/Materials/MaterialLayers/T_ML_Rubber_Blue_01_D.uasset" 287
"../../../GoblinInvasion/Content/AdvancedTurnBasedTileToolkit/Materials/MaterialLayers/T_ML_Rubber_Blue_01_N.uasset" 288
"../../../GoblinInvasion/Content/AdvancedTurnBasedTileToolkit/Materials/MaterialLayers/ML_GlossyBlack_Latex_UE4.uasset" 289
"../../../GoblinInvasion/Content/AdvancedTurnBasedTileToolkit/Materials/MaterialLayers/ML_Plastic_Shiny_Beige.uasset" 290
"../../../GoblinInvasion/Content/AdvancedTurnBasedTileToolkit/Textures/UE4_LOGO_CARD.uasset" 291
"../../../GoblinInvasion/Content/AdvancedTurnBasedTileToolkit/Materials/MaterialLayers/ML_Plastic_Shiny_Beige_LOGO.uasset" 292
"../../../GoblinInvasion/Content/AdvancedTurnBasedTileToolkit/Materials/MaterialLayers/T_ML_Aluminum01.uasset" 293
"../../../GoblinInvasion/Content/AdvancedTurnBasedTileToolkit/Materials/MaterialLayers/T_ML_Aluminum01_N.uasset" 294
"../../../GoblinInvasion/Content/AdvancedTurnBasedTileToolkit/Materials/MaterialLayers/ML_SoftMetal_UE4.uasset" 295
"../../../GoblinInvasion/Content/AdvancedTurnBasedTileToolkit/Textures/T_UE4_Mannequin_Mobile_M.uasset" 296
"../../../GoblinInvasion/Content/AdvancedTurnBasedTileToolkit/Textures/T_UE4_Mannequin_Mobile_N.uasset" 297
"../../../GoblinInvasion/Content/AdvancedTurnBasedTileToolkit/Textures/T_UE4_Mannequin_Mobile_O.uasset" 298
"../../../GoblinInvasion/Content/AdvancedTurnBasedTileToolkit/Materials/M_UE4Man_Body.uasset" 299
"../../../GoblinInvasion/Content/AdvancedTurnBasedTileToolkit/Textures/UE4Man_Logo_N.uasset" 300
"../../../GoblinInvasion/Content/AdvancedTurnBasedTileToolkit/Materials/M_UE4Man_ChestLogo.uasset" 301
"../../../GoblinInvasion/Content/AdvancedTurnBasedTileToolkit/Characters/SK_Mannequin_Mobile_PhysicsAsset.uasset" 302
"../../../GoblinInvasion/Content/AdvancedTurnBasedTileToolkit/Characters/SK_Mannequin_Mobile.uasset" 303
"../../../GoblinInvasion/Content/AdvancedTurnBasedTileToolkit/Characters/SK_Mannequin_Mobile_Skeleton.uasset" 304
"../../../GoblinInvasion/Content/AdvancedTurnBasedTileToolkit/Animations/Attack_Melee.uasset" 305
"../../../GoblinInvasion/Content/AdvancedTurnBasedTileToolkit/Animations/Death.uasset" 306
"../../../GoblinInvasion/Content/AdvancedTurnBasedTileToolkit/Animations/Hit_React.uasset" 307
"../../../GoblinInvasion/Content/AdvancedTurnBasedTileToolkit/Animations/Idle_Rifle_Hip_Break.uasset" 308
"../../../GoblinInvasion/Content/AdvancedTurnBasedTileToolkit/Animations/Idle.uasset" 309
"../../../GoblinInvasion/Content/AdvancedTurnBasedTileToolkit/Animations/Run.uasset" 310
"../../../GoblinInvasion/Content/AdvancedTurnBasedTileToolkit/Animations/Walk.uasset" 311
"../../../GoblinInvasion/Content/AdvancedTurnBasedTileToolkit/Animations/Blend_Space_Melee.uasset" 312
"../../../GoblinInvasion/Content/AdvancedTurnBasedTileToolkit/Animations/Pawn_Anim_BP_Parent.uasset" 313
"../../../Engine/Content/EditorBlueprintResources/StandardMacros.uasset" 314
"../../../GoblinInvasion/Content/AdvancedTurnBasedTileToolkit/Blueprints/Gameplay/Structs/Struct_Index_Cost.uasset" 315
"../../../GoblinInvasion/Content/AdvancedTurnBasedTileToolkit/Blueprints/Gameplay/Structs/Struct_Edge_Array_Tile.uasset" 316
"../../../GoblinInvasion/Content/AdvancedTurnBasedTileToolkit/Blueprints/Gameplay/Structs/Struct_Int_Array.uasset" 317
"../../../GoblinInvasion/Content/AdvancedTurnBasedTileToolkit/Blueprints/Gameplay/Interfaces/Interface_Tile.uasset" 318
"../../../GoblinInvasion/Content/AdvancedTurnBasedTileToolkit/Blueprints/Gameplay/Enums/Enum_Height.uasset" 319
"../../../GoblinInvasion/Content/AdvancedTurnBasedTileToolkit/Blueprints/Grid_Actor.uasset" 320
"../../../GoblinInvasion/Content/AdvancedTurnBasedTileToolkit/Blueprints/Gameplay/Structs/Struct_Edges_Square.uasset" 321
"../../../GoblinInvasion/Content/AdvancedTurnBasedTileToolkit/Blueprints/Gameplay/Structs/Struct_Two_Integers.uasset" 322
"../../../GoblinInvasion/Content/AdvancedTurnBasedTileToolkit/Blueprints/Tiles/Tile_Parent.uasset" 323
"../../../GoblinInvasion/Content/AdvancedTurnBasedTileToolkit/Blueprints/Gameplay/ATBTT_Macro_Library.uasset" 324
"../../../GoblinInvasion/Content/AdvancedTurnBasedTileToolkit/Blueprints/Gameplay/Structs/Struct_Pathfinding.uasset" 325
"../../../GoblinInvasion/Content/AdvancedTurnBasedTileToolkit/Blueprints/Gameplay/Structs/Struct_Range.uasset" 326
"../../../GoblinInvasion/Content/AdvancedTurnBasedTileToolkit/Textures/Marker_Current.uasset" 327
"../../../GoblinInvasion/Content/AdvancedTurnBasedTileToolkit/Materials/Decal_CurrentMarker.uasset" 328
"../../../GoblinInvasion/Content/AdvancedTurnBasedTileToolkit/Textures/edgeLine.uasset" 329
"../../../GoblinInvasion/Content/AdvancedTurnBasedTileToolkit/Materials/Decal_Edge.uasset" 330
"../../../GoblinInvasion/Content/AdvancedTurnBasedTileToolkit/Materials/Decal_Edge_Red.uasset" 331
"../../../GoblinInvasion/Content/AdvancedTurnBasedTileToolkit/Textures/Marker_Hover.uasset" 332
"../../../GoblinInvasion/Content/AdvancedTurnBasedTileToolkit/Materials/Decal_HoverMarker.uasset" 333
"../../../GoblinInvasion/Content/AdvancedTurnBasedTileToolkit/Materials/Decal_Square_Blue.uasset" 334
"../../../GoblinInvasion/Content/AdvancedTurnBasedTileToolkit/Materials/Decal_Square_Red.uasset" 335
"../../../GoblinInvasion/Content/AdvancedTurnBasedTileToolkit/Materials/Decal_Square_Yellow.uasset" 336
"../../../GoblinInvasion/Content/AdvancedTurnBasedTileToolkit/Textures/Marker_Target.uasset" 337
"../../../GoblinInvasion/Content/AdvancedTurnBasedTileToolkit/Materials/Decal_TargetMarker.uasset" 338
"../../../GoblinInvasion/Content/AdvancedTurnBasedTileToolkit/Materials/M_Blue_Transparent.uasset" 339
"../../../GoblinInvasion/Content/AdvancedTurnBasedTileToolkit/Materials/M_White_Emissive.uasset" 340
"../../../GoblinInvasion/Content/AdvancedTurnBasedTileToolkit/Textures/Tile_Grey.uasset" 341
"../../../GoblinInvasion/Content/AdvancedTurnBasedTileToolkit/Materials/M_Tiling_Grid.uasset" 342
"../../../GoblinInvasion/Content/AdvancedTurnBasedTileToolkit/Materials/M_Tiling_Grid_Instance.uasset" 343
"../../../GoblinInvasion/Content/AdvancedTurnBasedTileToolkit/Blueprints/Gameplay/Enums/Enum_DisplayObject.uasset" 344
"../../../GoblinInvasion/Content/AdvancedTurnBasedTileToolkit/Blueprints/Gameplay/Enums/Enum_Faction.uasset" 345
"../../../GoblinInvasion/Content/AdvancedTurnBasedTileToolkit/Blueprints/Gameplay/Enums/Enum_MovePriority.uasset" 346
"../../../GoblinInvasion/Content/AdvancedTurnBasedTileToolkit/Blueprints/Gameplay/Enums/Enum_PathfindingType.uasset" 347
"../../../GoblinInvasion/Content/AdvancedTurnBasedTileToolkit/Blueprints/Gameplay/Enums/Enum_TileSpawn.uasset" 348
"../../../GoblinInvasion/Content/AdvancedTurnBasedTileToolkit/Meshes/simple_plane_UV.uasset" 349
"../../../GoblinInvasion/Content/AdvancedTurnBasedTileToolkit/Meshes/SM_Arrow.uasset" 350
"../../../GoblinInvasion/Content/AdvancedTurnBasedTileToolkit/Maps/2D_Game_Example/Textures/arrow.uasset" 351
"../../../GoblinInvasion/Content/AdvancedTurnBasedTileToolkit/Maps/2D_Game_Example/Textures/M_Arrow.uasset" 352
"../../../GoblinInvasion/Content/AdvancedTurnBasedTileToolkit/Meshes/SM_Arrow_Flat.uasset" 353
"../../../GoblinInvasion/Content/AdvancedTurnBasedTileToolkit/Materials/M_Edge.uasset" 354
"../../../GoblinInvasion/Content/AdvancedTurnBasedTileToolkit/Meshes/SM_Edge.uasset" 355
"../../../GoblinInvasion/Content/AdvancedTurnBasedTileToolkit/Materials/M_Edge_red.uasset" 356
"../../../GoblinInvasion/Content/AdvancedTurnBasedTileToolkit/Meshes/SM_Edge_Red.uasset" 357
"../../../GoblinInvasion/Content/AdvancedTurnBasedTileToolkit/Meshes/SM_Frame_Current_Unit.uasset" 358
"../../../GoblinInvasion/Content/AdvancedTurnBasedTileToolkit/Meshes/SM_Frame_Hover.uasset" 359
"../../../GoblinInvasion/Content/AdvancedTurnBasedTileToolkit/Meshes/SM_Frame_Target.uasset" 360
"../../../GoblinInvasion/Content/AdvancedTurnBasedTileToolkit/Meshes/SM_spline_path.uasset" 361
"../../../GoblinInvasion/Content/AdvancedTurnBasedTileToolkit/Materials/M_Yellow_Transparent.uasset" 362
"../../../GoblinInvasion/Content/AdvancedTurnBasedTileToolkit/Meshes/SM_Tile_In_Long_Move_Range.uasset" 363
"../../../GoblinInvasion/Content/AdvancedTurnBasedTileToolkit/Meshes/SM_Tile_In_Move_Range_Square.uasset" 364
"../../../GoblinInvasion/Content/AdvancedTurnBasedTileToolkit/Materials/M_Red_Transparent.uasset" 365
"../../../GoblinInvasion/Content/AdvancedTurnBasedTileToolkit/Meshes/SM_Tile_In_Sight_Range_Square.uasset" 366
"../../../GoblinInvasion/Content/AdvancedTurnBasedTileToolkit/Materials/M_Black.uasset" 367
"../../../GoblinInvasion/Content/AdvancedTurnBasedTileToolkit/Materials/M_Grey.uasset" 368
"../../../GoblinInvasion/Content/AdvancedTurnBasedTileToolkit/Meshes/SM_Tile_Square.uasset" 369
"../../../GoblinInvasion/Content/AdvancedTurnBasedTileToolkit/Blueprints/Gameplay/BP_Grid_Manager.uasset" 370
"../../../GoblinInvasion/Content/AdvancedTurnBasedTileToolkit/Blueprints/Gameplay/ATBTT_AI_Controller.uasset" 371
"../../../GoblinInvasion/Content/AdvancedTurnBasedTileToolkit/Materials/M_Grey_Transparent.uasset" 372
"../../../GoblinInvasion/Content/AdvancedTurnBasedTileToolkit/Blueprints/Heightmap_Actor.uasset" 373
"../../../GoblinInvasion/Content/AdvancedTurnBasedTileToolkit/Blueprints/Gameplay/BP_Grid_Camera.uasset" 374
"../../../GoblinInvasion/Content/AdvancedTurnBasedTileToolkit/Materials/M_UE4Man_Body_Green.uasset" 375
"../../../GoblinInvasion/Content/AdvancedTurnBasedTileToolkit/Materials/M_UE4Man_ChestLogo_Green.uasset" 376
"../../../GoblinInvasion/Content/OurAssets/BluePrints/Characters/CustomParentBP.uasset" 377
"../../../GoblinInvasion/Content/AdvancedTurnBasedTileToolkit/Blueprints/Gameplay/ATBTT_PlayerController.uasset" 378
"../../../GoblinInvasion/Content/AdvancedTurnBasedTileToolkit/Blueprints/Gameplay/Interfaces/Interface_HUD.uasset" 379
"../../../GoblinInvasion/Content/AdvancedTurnBasedTileToolkit/Blueprints/Gameplay/HUD_Faction_Turn.uasset" 380
"../../../GoblinInvasion/Content/AdvancedTurnBasedTileToolkit/Blueprints/Gameplay/ATBTT_GameMode.uasset" 381
"../../../Engine/Content/Functions/Engine_MaterialFunctions01/Gradient/LinearGradient.uasset" 382
"../../../GoblinInvasion/Content/AdvancedTurnBasedTileToolkit/Materials/M_HealthBar.uasset" 383
"../../../GoblinInvasion/Content/AdvancedTurnBasedTileToolkit/Textures/1024px-Crosshairs_Red2.uasset" 384
"../../../GoblinInvasion/Content/OurAssets/BluePrints/Characters/Unit_Parent.uasset" 385
"../../../GoblinInvasion/Content/AdvancedTurnBasedTileToolkit/Materials/M_UE4Man_Body_Red.uasset" 386
"../../../GoblinInvasion/Content/AdvancedTurnBasedTileToolkit/Materials/M_UE4Man_ChestLogo_Red.uasset" 387
"../../../GoblinInvasion/Content/OurAssets/BluePrints/Characters/Junk/Unit_Enemy_Melee.uasset" 388
"../../../Engine/Content/EditorResources/AudioIcons/S_AudioComponent_AutoActivate.uasset" 389
"../../../Engine/Content/EditorSounds/GamePreview/EndPlayInEditor.uasset" 390
"../../../Engine/Content/EditorSounds/GamePreview/EndPlayInEditor_Cue.uasset" 391
"../../../Engine/Content/EditorResources/EmptyActor.uasset" 392
"../../../Engine/Content/EditorMaterials/MakeCompositeARGBLayer.uasset" 393
"../../../Engine/Content/EditorResources/LevelGrid1DStripes.uasset" 394
"../../../Engine/Content/EditorMaterials/TextureGridCascaded1D.uasset" 395
"../../../Engine/Content/EditorMaterials/TextureGridCascaded2D.uasset" 396
"../../../Engine/Content/EditorMaterials/LevelGridMaterial2.uasset" 397
"../../../Engine/Content/EditorMeshes/AssetViewer/Sphere_inversenormals.uasset" 398
"../../../Engine/Content/MapTemplates/Sky/SunsetAmbientCubemap.uasset" 399
"../../../Engine/Content/EditorMaterials/AssetViewer/M_SkyBox.uasset" 400
"../../../Engine/Content/EditorMaterials/GridMaterial.uasset" 401
"../../../Engine/Content/EditorMeshes/PhAT_FloorBox.uasset" 402
"../../../Engine/Content/Tutorial/SubEditors/TutorialAssets/icon_ShowSkeletalMeshes_40x.uasset" 403
"../../../Engine/Content/EditorSounds/GamePreview/StartPlayInEditor.uasset" 404
"../../../Engine/Content/EditorSounds/GamePreview/StartPlayInEditor_Cue.uasset" 405
"../../../Engine/Content/MobileResources/T_MobileControls_texture.uasset" 406
"../../../Engine/Content/MobileResources/T_MobileMenu2.uasset" 407
"../../../Engine/Content/MobileResources/HUD/AnalogHat.uasset" 408
"../../../Engine/Content/MobileResources/HUD/VirtualJoystick_Background.uasset" 409
"../../../Engine/Content/MobileResources/HUD/VirtualJoystick_Thumb.uasset" 410
"../../../Engine/Content/MobileResources/HUD/DefaultVirtualJoysticks.uasset" 411
"../../../Engine/Content/MobileResources/HUD/LeftVirtualJoystickOnly.uasset" 412
"../../../Engine/Content/MobileResources/HUD/MobileHUDButton1_off.uasset" 413
"../../../Engine/Content/MobileResources/HUD/MobileHUDButton1_on.uasset" 414
"../../../Engine/Content/MobileResources/HUD/MobileHUDButton2_off.uasset" 415
"../../../Engine/Content/MobileResources/HUD/MobileHUDButton2_on.uasset" 416
"../../../Engine/Content/MobileResources/HUD/MobileHUDButton3.uasset" 417
"../../../Engine/Content/MobileResources/HUD/MobileHUDButtonFire.uasset" 418
"../../../Engine/Content/MobileResources/HUD/MobileHUDDirectionPad.uasset" 419
"../../../Engine/Content/MobileResources/HUD/MobileHUDDirectionPad2.uasset" 420
"../../../Engine/Content/MobileResources/HUD/MobileHUDDirectionPad3.uasset" 421
"../../../Engine/Content/MobileResources/HUD/MobileHUDDirectionStick.uasset" 422
"../../../Engine/Content/MobileResources/HUD/T_Castle_ThumbstickInner.uasset" 423
"../../../Engine/Content/MobileResources/HUD/T_Castle_ThumbstickOutter.uasset" 424
"../../../Engine/Content/EngineSky/C_Sky_Cloud_Color.uasset" 425
"../../../Engine/Content/EngineSky/C_Sky_Horizon_Color.uasset" 426
"../../../Engine/Content/EngineSky/C_Sky_Zenith_Color.uasset" 427
"../../../Engine/Content/EngineSky/T_Sky_Blue.uasset" 428
"../../../Engine/Content/EngineSky/T_Sky_Clouds_M.uasset" 429
"../../../Engine/Content/EngineSky/T_Sky_Stars.uasset" 430
"../../../Engine/Content/EngineSky/M_Sky_Panning_Clouds2.uasset" 431
"../../../Engine/Content/EngineSky/SM_SkySphere.uasset" 432
"../../../Engine/Content/EngineSky/BP_Sky_Sphere.uasset" 433
"../../../GoblinInvasion/Content/OurAssets/SkeletalMeshes/knight_Skeleton.uasset" 434
"../../../GoblinInvasion/Content/OurAssets/Animations/knight_attack1.uasset" 435
"../../../GoblinInvasion/Content/OurAssets/Animations/knight_attack2.uasset" 436
"../../../GoblinInvasion/Content/OurAssets/Animations/knight_idle_Anim.uasset" 437
"../../../GoblinInvasion/Content/OurAssets/Animations/knight_walk.uasset" 438
"../../../GoblinInvasion/Content/OurAssets/Animations/knight_blend.uasset" 439
"../../../GoblinInvasion/Content/OurAssets/Animations/knight_anim.uasset" 440
"../../../GoblinInvasion/Content/OurAssets/SkeletalMeshes/blacksmith_Skeleton.uasset" 441
"../../../GoblinInvasion/Content/OurAssets/Animations/blacksmith_attack1.uasset" 442
"../../../GoblinInvasion/Content/OurAssets/Animations/blacksmith_attack2.uasset" 443
"../../../GoblinInvasion/Content/OurAssets/Animations/blacksmith_idle_Anim.uasset" 444
"../../../GoblinInvasion/Content/OurAssets/Animations/blacksmith_walk.uasset" 445
"../../../GoblinInvasion/Content/OurAssets/Animations/blacksmith_blend.uasset" 446
"../../../GoblinInvasion/Content/OurAssets/Animations/blacksmith_anim.uasset" 447
"../../../GoblinInvasion/Content/OurAssets/BluePrints/Characters/enemy_parent.uasset" 448
"../../../GoblinInvasion/Content/OurAssets/Materials/CharactersMat/blacksmith_hammer_small_handle1.uasset" 449
"../../../GoblinInvasion/Content/OurAssets/Materials/CharactersMat/blacksmith_pack_outer1.uasset" 450
"../../../GoblinInvasion/Content/OurAssets/Materials/CharactersMat/black.uasset" 451
"../../../GoblinInvasion/Content/OurAssets/Materials/CharactersMat/blacksmith_belt1.uasset" 452
"../../../GoblinInvasion/Content/OurAssets/Materials/CharactersMat/blacksmith_belt_buckle1.uasset" 453
"../../../GoblinInvasion/Content/OurAssets/Materials/CharactersMat/blacksmith_chains1.uasset" 454
"../../../GoblinInvasion/Content/OurAssets/Materials/CharactersMat/blacksmith_eyes_inner1.uasset" 455
"../../../GoblinInvasion/Content/OurAssets/Materials/CharactersMat/blacksmith_eyes_outer1.uasset" 456
"../../../GoblinInvasion/Content/OurAssets/Materials/CharactersMat/blacksmith_gloves_base1.uasset" 457
"../../../GoblinInvasion/Content/OurAssets/Materials/CharactersMat/blacksmith_hair1.uasset" 458
"../../../GoblinInvasion/Content/OurAssets/Materials/CharactersMat/blacksmith_hammer_small_metal1.uasset" 459
"../../../GoblinInvasion/Content/OurAssets/Materials/CharactersMat/blacksmith_jacket_inner1.uasset" 460
"../../../GoblinInvasion/Content/OurAssets/Materials/CharactersMat/blacksmith_jackter_outer1.uasset" 461
"../../../GoblinInvasion/Content/OurAssets/Materials/CharactersMat/blacksmith_pack_button1.uasset" 462
"../../../GoblinInvasion/Content/OurAssets/Materials/CharactersMat/blacksmith_pack_inner1.uasset" 463
"../../../GoblinInvasion/Content/OurAssets/Materials/CharactersMat/blacksmith_pants1.uasset" 464
"../../../GoblinInvasion/Content/OurAssets/Materials/CharactersMat/blacksmith_shirt1.uasset" 465
"../../../GoblinInvasion/Content/OurAssets/Materials/CharactersMat/blacksmith_shoes1.uasset" 466
"../../../GoblinInvasion/Content/OurAssets/Materials/CharactersMat/blacksmith_shoes_metal1.uasset" 467
"../../../GoblinInvasion/Content/OurAssets/Materials/PropsMat/lambert3.uasset" 468
"../../../GoblinInvasion/Content/OurAssets/Materials/PropsMat/lambert4.uasset" 469
"../../../GoblinInvasion/Content/OurAssets/Materials/PropsMat/warhammer_handle_grip.uasset" 470
"../../../GoblinInvasion/Content/OurAssets/Materials/PropsMat/warhammer_handle_rim.uasset" 471
"../../../GoblinInvasion/Content/OurAssets/Materials/PropsMat/warhammer_stone.uasset" 472
"../../../GoblinInvasion/Content/OurAssets/SkeletalMeshes/blacksmith_PhysicsAsset.uasset" 473
"../../../GoblinInvasion/Content/OurAssets/SkeletalMeshes/blacksmith_idle.uasset" 474
"../../../GoblinInvasion/Content/OurAssets/BluePrints/Characters/blacksmith.uasset" 475
"../../../GoblinInvasion/Content/OurAssets/SkeletalMeshes/goblin_mage_Skeleton.uasset" 476
"../../../GoblinInvasion/Content/OurAssets/Animations/goblin_mage_spell_casting.uasset" 477
"../../../GoblinInvasion/Content/OurAssets/Animations/goblin_mage_spell_casting_2.uasset" 478
"../../../GoblinInvasion/Content/OurAssets/Animations/goblin_mage_idle.uasset" 479
"../../../GoblinInvasion/Content/OurAssets/Animations/goblin_mage_walk.uasset" 480
"../../../GoblinInvasion/Content/OurAssets/Animations/goblin_mage_blend.uasset" 481
"../../../GoblinInvasion/Content/OurAssets/Animations/goblin_mage_anim.uasset" 482
"../../../Engine/Content/BasicShapes/BasicShapeMaterial.uasset" 483
"../../../Engine/Content/BasicShapes/Sphere.uasset" 484
"../../../GoblinInvasion/Content/OurAssets/Materials/ParticleMat/cube_2.uasset" 485
"../../../GoblinInvasion/Content/OurAssets/Materials/ParticleMat/camp_fire.uasset" 486
"../../../GoblinInvasion/Content/OurAssets/Particles/fireball.uasset" 487
"../../../GoblinInvasion/Content/OurAssets/BluePrints/fireball.uasset" 488
"../../../GoblinInvasion/Content/OurAssets/Materials/CharactersMat/goblin_ear_ring.uasset" 489
"../../../GoblinInvasion/Content/OurAssets/Materials/CharactersMat/goblin_mage_necklace.uasset" 490
"../../../GoblinInvasion/Content/OurAssets/Materials/CharactersMat/goblin_ear.uasset" 491
"../../../GoblinInvasion/Content/OurAssets/Materials/CharactersMat/goblin_eye_inner.uasset" 492
"../../../GoblinInvasion/Content/OurAssets/Materials/CharactersMat/goblin_eye_outer.uasset" 493
"../../../GoblinInvasion/Content/OurAssets/Materials/CharactersMat/goblin_mage_belt.uasset" 494
"../../../GoblinInvasion/Content/OurAssets/Materials/CharactersMat/goblin_mage_belt_buckle.uasset" 495
"../../../GoblinInvasion/Content/OurAssets/Materials/CharactersMat/goblin_mage_crystal.uasset" 496
"../../../GoblinInvasion/Content/OurAssets/Materials/CharactersMat/goblin_mage_cuffs_inside.uasset" 497
"../../../GoblinInvasion/Content/OurAssets/Materials/CharactersMat/goblin_mage_eyes.uasset" 498
"../../../GoblinInvasion/Content/OurAssets/Materials/CharactersMat/goblin_mage_hood.uasset" 499
"../../../GoblinInvasion/Content/OurAssets/Materials/CharactersMat/goblin_mage_hood_inside.uasset" 500
"../../../GoblinInvasion/Content/OurAssets/Materials/CharactersMat/goblin_mage_shirt.uasset" 501
"../../../GoblinInvasion/Content/OurAssets/Materials/CharactersMat/goblin_shirt.uasset" 502
"../../../GoblinInvasion/Content/OurAssets/Materials/CharactersMat/goblin_shoes_top.uasset" 503
"../../../GoblinInvasion/Content/OurAssets/Materials/CharactersMat/goblin_skin_base.uasset" 504
"../../../GoblinInvasion/Content/OurAssets/Materials/CharactersMat/mage_goblin_shoes.uasset" 505
"../../../GoblinInvasion/Content/OurAssets/SkeletalMeshes/goblin_mage_PhysicsAsset.uasset" 506
"../../../GoblinInvasion/Content/OurAssets/SkeletalMeshes/goblin_mage.uasset" 507
"../../../GoblinInvasion/Content/OurAssets/BluePrints/Characters/goblin_mage.uasset" 508
"../../../GoblinInvasion/Content/OurAssets/Materials/CharactersMat/knight_armor1.uasset" 509
"../../../GoblinInvasion/Content/OurAssets/Materials/CharactersMat/knight_face_inner.uasset" 510
"../../../GoblinInvasion/Content/OurAssets/Materials/CharactersMat/knight_armor_shade.uasset" 511
"../../../GoblinInvasion/Content/OurAssets/Materials/CharactersMat/knight_shirt.uasset" 512
"../../../GoblinInvasion/Content/OurAssets/Materials/CharactersMat/sword_blade.uasset" 513
"../../../GoblinInvasion/Content/OurAssets/Materials/CharactersMat/sword_handle.uasset" 514
"../../../GoblinInvasion/Content/OurAssets/Materials/CharactersMat/sword_handle_rim1.uasset" 515
"../../../GoblinInvasion/Content/OurAssets/SkeletalMeshes/knight_PhysicsAsset.uasset" 516
"../../../GoblinInvasion/Content/OurAssets/SkeletalMeshes/knight.uasset" 517
"../../../GoblinInvasion/Content/OurAssets/BluePrints/Characters/knight.uasset" 518
"../../../GoblinInvasion/Content/OurAssets/Materials/LandscapeMat/dirt_LayerInfo.uasset" 519
"../../../GoblinInvasion/Content/OurAssets/Materials/LandscapeMat/grass_LayerInfo.uasset" 520
"../../../GoblinInvasion/Content/OurAssets/Materials/LandscapeMat/rock_LayerInfo.uasset" 521
"../../../GoblinInvasion/Content/AdvancedTurnBasedTileToolkit/Textures/Marker_Current_Hex.uasset" 522
"../../../GoblinInvasion/Content/AdvancedTurnBasedTileToolkit/Materials/Decal_CurrentMarkerHex.uasset" 523
"../../../GoblinInvasion/Content/AdvancedTurnBasedTileToolkit/Textures/Marker_Hover_Hex.uasset" 524
"../../../GoblinInvasion/Content/AdvancedTurnBasedTileToolkit/Materials/Decal_HoverMarkerHex.uasset" 525
"../../../GoblinInvasion/Content/AdvancedTurnBasedTileToolkit/Textures/Marker_Target_Hex.uasset" 526
"../../../GoblinInvasion/Content/AdvancedTurnBasedTileToolkit/Materials/Decal_TargetMarker_Hex.uasset" 527
"../../../GoblinInvasion/Content/OurAssets/Textures/dirt.uasset" 528
"../../../GoblinInvasion/Content/OurAssets/Textures/grass.uasset" 529
"../../../GoblinInvasion/Content/OurAssets/Textures/rock.uasset" 530
"../../../GoblinInvasion/Content/OurAssets/Materials/LandscapeMat/terrain_mat.uasset" 531
"../../../GoblinInvasion/Content/OurAssets/Materials/PropsMat/archery_target_black.uasset" 532
"../../../GoblinInvasion/Content/OurAssets/Materials/PropsMat/archery_target_blue.uasset" 533
"../../../GoblinInvasion/Content/OurAssets/Materials/PropsMat/archery_target_red.uasset" 534
"../../../GoblinInvasion/Content/OurAssets/Materials/PropsMat/archery_target_white.uasset" 535
"../../../GoblinInvasion/Content/OurAssets/Materials/PropsMat/archery_target_yellow.uasset" 536
"../../../GoblinInvasion/Content/OurAssets/Materials/PropsMat/book_outer2.uasset" 537
"../../../GoblinInvasion/Content/AdvancedTurnBasedTileToolkit/Meshes/SM_Frame_Hex.uasset" 538
"../../../GoblinInvasion/Content/AdvancedTurnBasedTileToolkit/Meshes/SM_Frame_Hex_Cut.uasset" 539
"../../../GoblinInvasion/Content/AdvancedTurnBasedTileToolkit/Materials/M_Target_Marker_Hex.uasset" 540
"../../../GoblinInvasion/Content/AdvancedTurnBasedTileToolkit/Meshes/SM_Frame_Target_Hex.uasset" 541
"../../../GoblinInvasion/Content/OurAssets/Materials/FoliageMat/Flower1_top.uasset" 542
"../../../GoblinInvasion/Content/OurAssets/Materials/FoliageMat/Leaves.uasset" 543
"../../../GoblinInvasion/Content/OurAssets/Foliage/flower_1.uasset" 544
"../../../GoblinInvasion/Content/OurAssets/Materials/FoliageMat/Flower2_pointy.uasset" 545
"../../../GoblinInvasion/Content/OurAssets/Materials/FoliageMat/Flower2_top.uasset" 546
"../../../GoblinInvasion/Content/OurAssets/Materials/FoliageMat/lambert1.uasset" 547
"../../../GoblinInvasion/Content/OurAssets/Foliage/flower_2.uasset" 548
"../../../GoblinInvasion/Content/OurAssets/Materials/FoliageMat/Flower3_bubble.uasset" 549
"../../../GoblinInvasion/Content/OurAssets/Materials/FoliageMat/Flower3_petals.uasset" 550
"../../../GoblinInvasion/Content/OurAssets/Foliage/flower_3.uasset" 551
"../../../GoblinInvasion/Content/OurAssets/Materials/FoliageMat/Grass.uasset" 552
"../../../GoblinInvasion/Content/OurAssets/Foliage/grass_1.uasset" 553
"../../../GoblinInvasion/Content/OurAssets/Foliage/grass_2.uasset" 554
"../../../GoblinInvasion/Content/OurAssets/Materials/FoliageMat/rock1.uasset" 555
"../../../GoblinInvasion/Content/OurAssets/Foliage/rock_1.uasset" 556
"../../../GoblinInvasion/Content/OurAssets/Materials/FoliageMat/rock2.uasset" 557
"../../../GoblinInvasion/Content/OurAssets/Foliage/rock_2.uasset" 558
"../../../GoblinInvasion/Content/OurAssets/Materials/FoliageMat/rock_4.uasset" 559
"../../../GoblinInvasion/Content/OurAssets/Foliage/rock_3.uasset" 560
"../../../GoblinInvasion/Content/OurAssets/Materials/FoliageMat/Rocks.uasset" 561
"../../../GoblinInvasion/Content/OurAssets/Foliage/rock_5.uasset" 562
"../../../GoblinInvasion/Content/OurAssets/Foliage/rock_6.uasset" 563
"../../../GoblinInvasion/Content/OurAssets/Foliage/rock_7.uasset" 564
"../../../GoblinInvasion/Content/OurAssets/Foliage/rock_8.uasset" 565
"../../../GoblinInvasion/Content/OurAssets/Materials/FoliageMat/tree_bark_01.uasset" 566
"../../../GoblinInvasion/Content/OurAssets/Materials/FoliageMat/tree_leaves_01.uasset" 567
"../../../GoblinInvasion/Content/OurAssets/Foliage/tree_pack_pCylinder1.uasset" 568
"../../../GoblinInvasion/Content/OurAssets/Materials/FoliageMat/tree_bark_02.uasset" 569
"../../../GoblinInvasion/Content/OurAssets/Materials/FoliageMat/tree_leaves_02.uasset" 570
"../../../GoblinInvasion/Content/OurAssets/Foliage/tree_pack_pCylinder2.uasset" 571
"../../../GoblinInvasion/Content/OurAssets/Materials/FoliageMat/tree_bark_03.uasset" 572
"../../../GoblinInvasion/Content/OurAssets/Materials/FoliageMat/tree_leaves_04.uasset" 573
"../../../GoblinInvasion/Content/OurAssets/Materials/FoliageMat/tree_leaves_05.uasset" 574
"../../../GoblinInvasion/Content/OurAssets/Materials/FoliageMat/tree_leaves_ball_01.uasset" 575
"../../../GoblinInvasion/Content/OurAssets/Materials/FoliageMat/tree_leaves_ball_02.uasset" 576
"../../../GoblinInvasion/Content/OurAssets/Materials/FoliageMat/tree_leaves_ball_03.uasset" 577
"../../../GoblinInvasion/Content/OurAssets/Foliage/tree_pack_pCylinder4.uasset" 578
"../../../GoblinInvasion/Content/OurAssets/Materials/FoliageMat/tree_bark_05.uasset" 579
"../../../GoblinInvasion/Content/OurAssets/Materials/FoliageMat/tree_leaves_ball_010.uasset" 580
"../../../GoblinInvasion/Content/OurAssets/Foliage/tree_pack_pCylinder7.uasset" 581
"../../../GoblinInvasion/Content/OurAssets/Materials/FoliageMat/tree_bark_06.uasset" 582
"../../../GoblinInvasion/Content/OurAssets/Materials/FoliageMat/tree_leaves_ball_011.uasset" 583
"../../../GoblinInvasion/Content/OurAssets/Foliage/tree_pack_pCylinder9.uasset" 584
"../../../GoblinInvasion/Content/OurAssets/Materials/FoliageMat/tree_bark_04.uasset" 585
"../../../GoblinInvasion/Content/OurAssets/Materials/FoliageMat/tree_leaves_ball_06.uasset" 586
"../../../GoblinInvasion/Content/OurAssets/Materials/FoliageMat/tree_leaves_ball_07.uasset" 587
"../../../GoblinInvasion/Content/OurAssets/Materials/FoliageMat/tree_leaves_ball_08.uasset" 588
"../../../GoblinInvasion/Content/OurAssets/Materials/FoliageMat/tree_leaves_ball_09.uasset" 589
"../../../GoblinInvasion/Content/OurAssets/Foliage/tree_pack_pSphere15.uasset" 590
"../../../GoblinInvasion/Content/OurAssets/Particles/camp_fire.uasset" 591
"../../../GoblinInvasion/Content/OurAssets/Materials/PropsMat/archery_target_wood.uasset" 592
"../../../GoblinInvasion/Content/OurAssets/StaticMeshes/archery_target.uasset" 593
"../../../GoblinInvasion/Content/OurAssets/Textures/banner_base_lambert1_BaseColor.uasset" 594
"../../../GoblinInvasion/Content/OurAssets/Textures/banner_base_lambert1_Normal.uasset" 595
"../../../GoblinInvasion/Content/OurAssets/Textures/banner_base_lambert1_OcclusionRoughnessMetallic.uasset" 596
"../../../GoblinInvasion/Content/OurAssets/Materials/PropsMat/banner_logo.uasset" 597
"../../../GoblinInvasion/Content/OurAssets/Materials/PropsMat/banner_post.uasset" 598
"../../../GoblinInvasion/Content/OurAssets/StaticMeshes/banner_base.uasset" 599
"../../../GoblinInvasion/Content/OurAssets/Materials/PropsMat/battleaxe_blades.uasset" 600
"../../../GoblinInvasion/Content/OurAssets/Materials/PropsMat/battleaxe_handle.uasset" 601
"../../../GoblinInvasion/Content/OurAssets/Materials/PropsMat/battleaxe_wood.uasset" 602
"../../../GoblinInvasion/Content/OurAssets/StaticMeshes/battleaxe.uasset" 603
"../../../GoblinInvasion/Content/OurAssets/Materials/PropsMat/bed_middle.uasset" 604
"../../../GoblinInvasion/Content/OurAssets/Materials/PropsMat/bed_rim.uasset" 605
"../../../GoblinInvasion/Content/OurAssets/Materials/PropsMat/bed_rim_fabric.uasset" 606
"../../../GoblinInvasion/Content/OurAssets/Materials/PropsMat/bed_rope.uasset" 607
"../../../GoblinInvasion/Content/OurAssets/Materials/PropsMat/pillow.uasset" 608
"../../../GoblinInvasion/Content/OurAssets/StaticMeshes/bed_1.uasset" 609
"../../../GoblinInvasion/Content/OurAssets/Materials/PropsMat/book_outer.uasset" 610
"../../../GoblinInvasion/Content/OurAssets/Materials/PropsMat/book_paper.uasset" 611
"../../../GoblinInvasion/Content/OurAssets/StaticMeshes/book.uasset" 612
"../../../GoblinInvasion/Content/OurAssets/Materials/PropsMat/bow_string.uasset" 613
"../../../GoblinInvasion/Content/OurAssets/Materials/PropsMat/bow_wood.uasset" 614
"../../../GoblinInvasion/Content/OurAssets/StaticMeshes/bow.uasset" 615
"../../../GoblinInvasion/Content/OurAssets/Textures/bowl_poison_bowl_poison_BaseColor.uasset" 616
"../../../GoblinInvasion/Content/OurAssets/Textures/bowl_poison_bowl_poison_Emissive.uasset" 617
"../../../GoblinInvasion/Content/OurAssets/Textures/bowl_poison_bowl_poison_Normal.uasset" 618
"../../../GoblinInvasion/Content/OurAssets/Textures/bowl_poison_bowl_poison_OcclusionRoughnessMetallic.uasset" 619
"../../../GoblinInvasion/Content/OurAssets/Materials/PropsMat/bowl_poison2.uasset" 620
"../../../GoblinInvasion/Content/OurAssets/Materials/PropsMat/bowl_poison_base.uasset" 621
"../../../GoblinInvasion/Content/OurAssets/StaticMeshes/bowl_poison.uasset" 622
"../../../GoblinInvasion/Content/OurAssets/Materials/PropsMat/bucket.uasset" 623
"../../../GoblinInvasion/Content/OurAssets/Materials/PropsMat/bucket_handle.uasset" 624
"../../../GoblinInvasion/Content/OurAssets/StaticMeshes/bucket_empty.uasset" 625
"../../../GoblinInvasion/Content/OurAssets/Materials/PropsMat/bucket_water.uasset" 626
"../../../GoblinInvasion/Content/OurAssets/StaticMeshes/bucket_full.uasset" 627
"../../../GoblinInvasion/Content/OurAssets/Materials/PropsMat/campfire_raocks.uasset" 628
"../../../GoblinInvasion/Content/OurAssets/Materials/PropsMat/fire_wood.uasset" 629
"../../../GoblinInvasion/Content/OurAssets/StaticMeshes/camp_fire.uasset" 630
"../../../GoblinInvasion/Content/OurAssets/Materials/PropsMat/cannon_barrel.uasset" 631
"../../../GoblinInvasion/Content/OurAssets/Materials/PropsMat/cannon_metal.uasset" 632
"../../../GoblinInvasion/Content/OurAssets/Materials/PropsMat/cannon_wood.uasset" 633
"../../../GoblinInvasion/Content/OurAssets/StaticMeshes/cannon_1.uasset" 634
"../../../GoblinInvasion/Content/OurAssets/Materials/PropsMat/cannon_ball_mat.uasset" 635
"../../../GoblinInvasion/Content/OurAssets/StaticMeshes/cannon_ball_pile.uasset" 636
"../../../GoblinInvasion/Content/OurAssets/Materials/PropsMat/castle_bridge_base.uasset" 637
"../../../GoblinInvasion/Content/OurAssets/Materials/PropsMat/castle_bridge_rim.uasset" 638
"../../../GoblinInvasion/Content/OurAssets/Materials/PropsMat/castle_bridge_stones.uasset" 639
"../../../GoblinInvasion/Content/OurAssets/Materials/PropsMat/castle_tower_base.uasset" 640
"../../../GoblinInvasion/Content/OurAssets/Materials/PropsMat/castle_tower_stones.uasset" 641
"../../../GoblinInvasion/Content/OurAssets/Materials/PropsMat/castle_wall_base.uasset" 642
"../../../GoblinInvasion/Content/OurAssets/Materials/PropsMat/castle_wall_rim.uasset" 643
"../../../GoblinInvasion/Content/OurAssets/Materials/PropsMat/castle_wall_stones.uasset" 644
"../../../GoblinInvasion/Content/OurAssets/StaticMeshes/castle_full_built.uasset" 645
"../../../GoblinInvasion/Content/OurAssets/Materials/PropsMat/chicken_stick_handle.uasset" 646
"../../../GoblinInvasion/Content/OurAssets/Materials/PropsMat/chicken_stick_metal.uasset" 647
"../../../GoblinInvasion/Content/OurAssets/Materials/PropsMat/chicken_stick_stand.uasset" 648
"../../../GoblinInvasion/Content/OurAssets/Materials/PropsMat/chicken_turkey_thing.uasset" 649
"../../../GoblinInvasion/Content/OurAssets/StaticMeshes/chicken_on_a_stick.uasset" 650
"../../../GoblinInvasion/Content/OurAssets/Materials/PropsMat/coin_gold2.uasset" 651
"../../../GoblinInvasion/Content/OurAssets/StaticMeshes/coin_gold.uasset" 652
"../../../GoblinInvasion/Content/OurAssets/Materials/PropsMat/coin_gold3.uasset" 653
"../../../GoblinInvasion/Content/OurAssets/StaticMeshes/coin_gold_pile_large.uasset" 654
"../../../GoblinInvasion/Content/OurAssets/Materials/PropsMat/coin_gold4.uasset" 655
"../../../GoblinInvasion/Content/OurAssets/StaticMeshes/coin_gold_pile_small.uasset" 656
"../../../GoblinInvasion/Content/OurAssets/Materials/PropsMat/lambert1.uasset" 657
"../../../GoblinInvasion/Content/OurAssets/Materials/PropsMat/wooden_crate_base.uasset" 658
"../../../GoblinInvasion/Content/OurAssets/Materials/PropsMat/wooden_crate_cross.uasset" 659
"../../../GoblinInvasion/Content/OurAssets/StaticMeshes/crate_1.uasset" 660
"../../../GoblinInvasion/Content/OurAssets/Materials/PropsMat/arrow_base.uasset" 661
"../../../GoblinInvasion/Content/OurAssets/Materials/PropsMat/arrow_feathers.uasset" 662
"../../../GoblinInvasion/Content/OurAssets/Materials/PropsMat/goblin_qiver_middle.uasset" 663
"../../../GoblinInvasion/Content/OurAssets/Materials/PropsMat/goblin_quiver.uasset" 664
"../../../GoblinInvasion/Content/OurAssets/StaticMeshes/lambert1.uasset" 665
"../../../GoblinInvasion/Content/OurAssets/StaticMeshes/goblin_quiver_full.uasset" 666
"../../../GoblinInvasion/Content/OurAssets/Materials/PropsMat/goblin_ten_sticks_1.uasset" 667
"../../../GoblinInvasion/Content/OurAssets/Materials/PropsMat/goblin_tent_1_base.uasset" 668
"../../../GoblinInvasion/Content/OurAssets/StaticMeshes/goblin_tent_1.uasset" 669
"../../../GoblinInvasion/Content/OurAssets/Materials/PropsMat/bed_ground_blanket.uasset" 670
"../../../GoblinInvasion/Content/OurAssets/Materials/PropsMat/ground_bed_pillow.uasset" 671
"../../../GoblinInvasion/Content/OurAssets/Materials/PropsMat/ground_bed_wood.uasset" 672
"../../../GoblinInvasion/Content/OurAssets/StaticMeshes/ground_bed.uasset" 673
"../../../GoblinInvasion/Content/OurAssets/Materials/PropsMat/house_1_door.uasset" 674
"../../../GoblinInvasion/Content/OurAssets/Materials/PropsMat/house_1_roof.uasset" 675
"../../../GoblinInvasion/Content/OurAssets/Materials/PropsMat/house_1_wood.uasset" 676
"../../../GoblinInvasion/Content/OurAssets/Materials/PropsMat/house_base.uasset" 677
"../../../GoblinInvasion/Content/OurAssets/StaticMeshes/house_1.uasset" 678
"../../../GoblinInvasion/Content/OurAssets/StaticMeshes/house_2.uasset" 679
"../../../GoblinInvasion/Content/OurAssets/Materials/PropsMat/potion_bottle.uasset" 680
"../../../GoblinInvasion/Content/OurAssets/Materials/PropsMat/potion_cap.uasset" 681
"../../../GoblinInvasion/Content/OurAssets/Materials/PropsMat/potion_purple.uasset" 682
"../../../GoblinInvasion/Content/OurAssets/Materials/PropsMat/potion_round_base.uasset" 683
"../../../GoblinInvasion/Content/OurAssets/StaticMeshes/potion_round.uasset" 684
"../../../GoblinInvasion/Content/OurAssets/Materials/PropsMat/potion_blue.uasset" 685
"../../../GoblinInvasion/Content/OurAssets/StaticMeshes/potion_tall.uasset" 686
"../../../GoblinInvasion/Content/OurAssets/Materials/PropsMat/potion_green.uasset" 687
"../../../GoblinInvasion/Content/OurAssets/StaticMeshes/potion_triangle.uasset" 688
"../../../GoblinInvasion/Content/OurAssets/Materials/PropsMat/lambert2.uasset" 689
"../../../GoblinInvasion/Content/OurAssets/Materials/PropsMat/skull_eye_darken.uasset" 690
"../../../GoblinInvasion/Content/OurAssets/StaticMeshes/skull.uasset" 691
"../../../GoblinInvasion/Content/OurAssets/Materials/PropsMat/spike_base.uasset" 692
"../../../GoblinInvasion/Content/OurAssets/Materials/PropsMat/spikes_point.uasset" 693
"../../../GoblinInvasion/Content/OurAssets/StaticMeshes/spike_wall.uasset" 694
"../../../GoblinInvasion/Content/OurAssets/Materials/PropsMat/sword_blade.uasset" 695
"../../../GoblinInvasion/Content/OurAssets/Materials/PropsMat/sword_handle.uasset" 696
"../../../GoblinInvasion/Content/OurAssets/Materials/PropsMat/sword_handle_rim1.uasset" 697
"../../../GoblinInvasion/Content/OurAssets/StaticMeshes/sword_1.uasset" 698
"../../../GoblinInvasion/Content/OurAssets/Materials/PropsMat/table_2_wood_base.uasset" 699
"../../../GoblinInvasion/Content/OurAssets/Materials/PropsMat/table_2_wood_light.uasset" 700
"../../../GoblinInvasion/Content/OurAssets/StaticMeshes/table_2_base_table.uasset" 701
"../../../GoblinInvasion/Content/OurAssets/StaticMeshes/table_2_complete.uasset" 702
"../../../GoblinInvasion/Content/OurAssets/Materials/PropsMat/warhammer_wood.uasset" 703
"../../../GoblinInvasion/Content/OurAssets/StaticMeshes/warhammer.uasset" 704
"../../../GoblinInvasion/Content/OurAssets/Materials/PropsMat/watchtower_logs_inside.uasset" 705
"../../../GoblinInvasion/Content/OurAssets/Materials/PropsMat/watchtower_logs_outside.uasset" 706
"../../../GoblinInvasion/Content/OurAssets/StaticMeshes/watchtower.uasset" 707
"../../../GoblinInvasion/Content/OurAssets/Materials/PropsMat/weapon_stand.uasset" 708
"../../../GoblinInvasion/Content/OurAssets/StaticMeshes/weapon_rack.uasset" 709
"../../../GoblinInvasion/Content/OurAssets/Materials/PropsMat/well_roof.uasset" 710
"../../../GoblinInvasion/Content/OurAssets/Materials/PropsMat/well_rope.uasset" 711
"../../../GoblinInvasion/Content/OurAssets/Materials/PropsMat/well_stone_base.uasset" 712
"../../../GoblinInvasion/Content/OurAssets/Materials/PropsMat/well_stone_rocks.uasset" 713
"../../../GoblinInvasion/Content/OurAssets/Materials/PropsMat/well_wood.uasset" 714
"../../../GoblinInvasion/Content/OurAssets/StaticMeshes/well.uasset" 715
"../../../GoblinInvasion/Content/AdvancedTurnBasedTileToolkit/Maps/Map_Grid_Example.umap" 716
"../../../GoblinInvasion/Content/AdvancedTurnBasedTileToolkit/Maps/2D_Game_Example/Blueprints/BP_Grid_Camera_2D.uasset" 717
"../../../GoblinInvasion/Content/AdvancedTurnBasedTileToolkit/Maps/2D_Game_Example/Blueprints/ATBTT_GameMode_2D.uasset" 718
"../../../GoblinInvasion/Content/AdvancedTurnBasedTileToolkit/Maps/2D_Game_Example/Textures/DungeonCrawl_ProjectUtumnoTileset.uasset" 719
"../../../GoblinInvasion/Content/AdvancedTurnBasedTileToolkit/Maps/2D_Game_Example/Sprites/Sprite_Blood.uasset" 720
"../../../GoblinInvasion/Content/AdvancedTurnBasedTileToolkit/Maps/2D_Game_Example/Sprites/Sprite_Blood2.uasset" 721
"../../../GoblinInvasion/Content/AdvancedTurnBasedTileToolkit/Maps/2D_Game_Example/Sprites/Sprite_Blood3.uasset" 722
"../../../GoblinInvasion/Content/AdvancedTurnBasedTileToolkit/Maps/2D_Game_Example/Sprites/Sprite_Blood4.uasset" 723
"../../../GoblinInvasion/Content/AdvancedTurnBasedTileToolkit/Maps/2D_Game_Example/Sprites/Sprite_Blood5.uasset" 724
"../../../GoblinInvasion/Content/AdvancedTurnBasedTileToolkit/Maps/2D_Game_Example/Blueprints/Blood.uasset" 725
"../../../GoblinInvasion/Content/AdvancedTurnBasedTileToolkit/Maps/2D_Game_Example/Sprites/Sprite_Arrow.uasset" 726
"../../../GoblinInvasion/Content/AdvancedTurnBasedTileToolkit/Maps/2D_Game_Example/Blueprints/Items/Projectile_Parent_Javelin.uasset" 727
"../../../GoblinInvasion/Content/AdvancedTurnBasedTileToolkit/Maps/2D_Game_Example/Sound/Fireblast.uasset" 728
"../../../GoblinInvasion/Content/AdvancedTurnBasedTileToolkit/Maps/2D_Game_Example/Sound/Hit.uasset" 729
"../../../GoblinInvasion/Content/AdvancedTurnBasedTileToolkit/Maps/2D_Game_Example/Sound/Step.uasset" 730
"../../../GoblinInvasion/Content/AdvancedTurnBasedTileToolkit/Meshes/SM_Health_Bar.uasset" 731
"../../../GoblinInvasion/Content/AdvancedTurnBasedTileToolkit/Maps/2D_Game_Example/Blueprints/Pawns/Unit_Parent_2D.uasset" 732
"../../../GoblinInvasion/Content/AdvancedTurnBasedTileToolkit/Maps/2D_Game_Example/Blueprints/Enums/Enum_Item_Type.uasset" 733
"../../../GoblinInvasion/Content/AdvancedTurnBasedTileToolkit/Maps/2D_Game_Example/Blueprints/Items/Item_Parent.uasset" 734
"../../../GoblinInvasion/Content/AdvancedTurnBasedTileToolkit/Maps/2D_Game_Example/Sound/Potion.uasset" 735
"../../../GoblinInvasion/Content/AdvancedTurnBasedTileToolkit/Maps/2D_Game_Example/Sprites/Sprite_Armor.uasset" 736
"../../../GoblinInvasion/Content/AdvancedTurnBasedTileToolkit/Maps/2D_Game_Example/Sprites/SpriteArmor.uasset" 737
"../../../GoblinInvasion/Content/AdvancedTurnBasedTileToolkit/Maps/2D_Game_Example/Blueprints/Items/Item_Armor_Parent_Plate.uasset" 738
"../../../GoblinInvasion/Content/AdvancedTurnBasedTileToolkit/Maps/2D_Game_Example/Sprites/Sprite_Shield.uasset" 739
"../../../GoblinInvasion/Content/AdvancedTurnBasedTileToolkit/Maps/2D_Game_Example/Sprites/Sprite_ShieldHeld.uasset" 740
"../../../GoblinInvasion/Content/AdvancedTurnBasedTileToolkit/Maps/2D_Game_Example/Blueprints/Items/Item_Shield_Parent_Metal.uasset" 741
"../../../GoblinInvasion/Content/AdvancedTurnBasedTileToolkit/Maps/2D_Game_Example/Sound/Slash.uasset" 742
"../../../GoblinInvasion/Content/AdvancedTurnBasedTileToolkit/Maps/2D_Game_Example/Sprites/Sprite_Sword.uasset" 743
"../../../GoblinInvasion/Content/AdvancedTurnBasedTileToolkit/Maps/2D_Game_Example/Sprites/Sprite_SwordHeld.uasset" 744
"../../../GoblinInvasion/Content/AdvancedTurnBasedTileToolkit/Maps/2D_Game_Example/Blueprints/Items/Item_Weapon_Parent_Sword.uasset" 745
"../../../GoblinInvasion/Content/AdvancedTurnBasedTileToolkit/Maps/2D_Game_Example/Sound/Stab.uasset" 746
"../../../GoblinInvasion/Content/AdvancedTurnBasedTileToolkit/Maps/2D_Game_Example/Sprites/Sprite_Dagger.uasset" 747
"../../../GoblinInvasion/Content/AdvancedTurnBasedTileToolkit/Maps/2D_Game_Example/Sprites/Sprite_DaggerHeld.uasset" 748
"../../../GoblinInvasion/Content/AdvancedTurnBasedTileToolkit/Maps/2D_Game_Example/Blueprints/Items/Item_Weapon_Dagger.uasset" 749
"../../../GoblinInvasion/Content/AdvancedTurnBasedTileToolkit/Maps/2D_Game_Example/Blueprints/Pawns/Unit_2D_Sprite2.uasset" 750
"../../../GoblinInvasion/Content/AdvancedTurnBasedTileToolkit/Maps/2D_Game_Example/Blueprints/DungeonHUD.uasset" 751
"../../../GoblinInvasion/Content/AdvancedTurnBasedTileToolkit/Maps/2D_Game_Example/Sound/Throw.uasset" 752
"../../../GoblinInvasion/Content/AdvancedTurnBasedTileToolkit/Maps/2D_Game_Example/Sprites/Sprite_BootsHeld.uasset" 753
"../../../GoblinInvasion/Content/AdvancedTurnBasedTileToolkit/Maps/2D_Game_Example/Sprites/Sprite_HeroNude.uasset" 754
"../../../GoblinInvasion/Content/AdvancedTurnBasedTileToolkit/Maps/2D_Game_Example/Sprites/Sprite_HoodHeld.uasset" 755
"../../../GoblinInvasion/Content/AdvancedTurnBasedTileToolkit/Maps/2D_Game_Example/Sprites/Sprite_RobeHeld.uasset" 756
"../../../GoblinInvasion/Content/AdvancedTurnBasedTileToolkit/Maps/2D_Game_Example/Blueprints/Pawns/Unit_2D_Sprite_Hero.uasset" 757
"../../../GoblinInvasion/Content/AdvancedTurnBasedTileToolkit/Maps/2D_Game_Example/Blueprints/BP_Grid_Manager_2D.uasset" 758
"../../../GoblinInvasion/Content/AdvancedTurnBasedTileToolkit/Maps/2D_Game_Example/Sound/Open.uasset" 759
"../../../GoblinInvasion/Content/AdvancedTurnBasedTileToolkit/Maps/2D_Game_Example/Sprites/Sprite_Door.uasset" 760
"../../../GoblinInvasion/Content/AdvancedTurnBasedTileToolkit/Maps/2D_Game_Example/Sprites/Sprite_DoorOpen.uasset" 761
"../../../GoblinInvasion/Content/AdvancedTurnBasedTileToolkit/Maps/2D_Game_Example/Blueprints/Items/Item_Door.uasset" 762
"../../../GoblinInvasion/Content/AdvancedTurnBasedTileToolkit/Maps/2D_Game_Example/Sprites/Sprite_DoorBig.uasset" 763
"../../../GoblinInvasion/Content/AdvancedTurnBasedTileToolkit/Maps/2D_Game_Example/Sprites/Sprite_DoorBigOpen.uasset" 764
"../../../GoblinInvasion/Content/AdvancedTurnBasedTileToolkit/Maps/2D_Game_Example/Blueprints/Items/Item_Door2.uasset" 765
"../../../GoblinInvasion/Content/AdvancedTurnBasedTileToolkit/Maps/2D_Game_Example/Sprites/Sprite_Potion.uasset" 766
"../../../GoblinInvasion/Content/AdvancedTurnBasedTileToolkit/Maps/2D_Game_Example/Blueprints/Items/Item_Potion.uasset" 767
"../../../GoblinInvasion/Content/AdvancedTurnBasedTileToolkit/Maps/2D_Game_Example/Sprites/Sprite_Bridge.uasset" 768
"../../../GoblinInvasion/Content/AdvancedTurnBasedTileToolkit/Maps/2D_Game_Example/Blueprints/Tiles/tile_2D_Bridge.uasset" 769
"../../../GoblinInvasion/Content/AdvancedTurnBasedTileToolkit/Maps/2D_Game_Example/Sound/Torch.uasset" 770
"../../../GoblinInvasion/Content/AdvancedTurnBasedTileToolkit/Maps/2D_Game_Example/Sprites/Sprite_TorchLit1.uasset" 771
"../../../GoblinInvasion/Content/AdvancedTurnBasedTileToolkit/Maps/2D_Game_Example/Sprites/Sprite_TorchLit2.uasset" 772
"../../../GoblinInvasion/Content/AdvancedTurnBasedTileToolkit/Maps/2D_Game_Example/Sprites/Sprite_TorchLit3.uasset" 773
"../../../GoblinInvasion/Content/AdvancedTurnBasedTileToolkit/Maps/2D_Game_Example/Sprites/Sprite_TorchLit4.uasset" 774
"../../../GoblinInvasion/Content/AdvancedTurnBasedTileToolkit/Maps/2D_Game_Example/Sprites/Flipbook_TorchLit.uasset" 775
"../../../GoblinInvasion/Content/AdvancedTurnBasedTileToolkit/Maps/2D_Game_Example/Sprites/Sprite_TorchUnlit.uasset" 776
"../../../GoblinInvasion/Content/AdvancedTurnBasedTileToolkit/Maps/2D_Game_Example/Blueprints/Torch.uasset" 777
"../../../GoblinInvasion/Content/AdvancedTurnBasedTileToolkit/Maps/2D_Game_Example/Blueprints/Items/Item_Torch_Trigger.uasset" 778
"../../../GoblinInvasion/Content/AdvancedTurnBasedTileToolkit/Maps/2D_Game_Example/Sound/Axe_slash.uasset" 779
"../../../GoblinInvasion/Content/AdvancedTurnBasedTileToolkit/Maps/2D_Game_Example/Sprites/Sprite_Axe.uasset" 780
"../../../GoblinInvasion/Content/AdvancedTurnBasedTileToolkit/Maps/2D_Game_Example/Sprites/Sprite_AxeHeld.uasset" 781
"../../../GoblinInvasion/Content/AdvancedTurnBasedTileToolkit/Maps/2D_Game_Example/Blueprints/Items/Item_Weapon_Axe.uasset" 782
"../../../GoblinInvasion/Content/AdvancedTurnBasedTileToolkit/Maps/2D_Game_Example/Sprites/Sprite_Javelin.uasset" 783
"../../../GoblinInvasion/Content/AdvancedTurnBasedTileToolkit/Maps/2D_Game_Example/Sprites/Sprite_JavelinHeld.uasset" 784
"../../../GoblinInvasion/Content/AdvancedTurnBasedTileToolkit/Maps/2D_Game_Example/Blueprints/Items/Item_Weapon_Javelin.uasset" 785
"../../../GoblinInvasion/Content/AdvancedTurnBasedTileToolkit/Maps/2D_Game_Example/Sprites/Sprite_GremlinBig.uasset" 786
"../../../GoblinInvasion/Content/AdvancedTurnBasedTileToolkit/Maps/2D_Game_Example/Blueprints/Pawns/Unit_2D_Sprite_Monster_Parent_Orc.uasset" 787
"../../../GoblinInvasion/Content/AdvancedTurnBasedTileToolkit/Maps/2D_Game_Example/Sprites/Sprite_Centipede.uasset" 788
"../../../GoblinInvasion/Content/AdvancedTurnBasedTileToolkit/Maps/2D_Game_Example/Blueprints/Pawns/Unit_2D_Sprite_Monster_Centipede.uasset" 789
"../../../GoblinInvasion/Content/AdvancedTurnBasedTileToolkit/Maps/2D_Game_Example/Sprites/Sprite_Ettin.uasset" 790
"../../../GoblinInvasion/Content/AdvancedTurnBasedTileToolkit/Maps/2D_Game_Example/Blueprints/Pawns/Unit_2D_Sprite_Monster_Ettin.uasset" 791
"../../../GoblinInvasion/Content/AdvancedTurnBasedTileToolkit/Maps/2D_Game_Example/Sprites/Sprite_Fireball.uasset" 792
"../../../GoblinInvasion/Content/AdvancedTurnBasedTileToolkit/Maps/2D_Game_Example/Blueprints/Items/Projectile_Fireball.uasset" 793
"../../../GoblinInvasion/Content/AdvancedTurnBasedTileToolkit/Maps/2D_Game_Example/Sound/Fireblast_hit.uasset" 794
"../../../GoblinInvasion/Content/AdvancedTurnBasedTileToolkit/Maps/2D_Game_Example/Sprites/Sprite_GoblinMage.uasset" 795
"../../../GoblinInvasion/Content/AdvancedTurnBasedTileToolkit/Maps/2D_Game_Example/Blueprints/Pawns/Unit_2D_Sprite_Monster_Goblin_Mage.uasset" 796
"../../../GoblinInvasion/Content/AdvancedTurnBasedTileToolkit/Maps/2D_Game_Example/Sprites/Sprite_Gremlin.uasset" 797
"../../../GoblinInvasion/Content/AdvancedTurnBasedTileToolkit/Maps/2D_Game_Example/Blueprints/Pawns/Unit_2D_Sprite_Monster_Gremlin.uasset" 798
"../../../GoblinInvasion/Content/AdvancedTurnBasedTileToolkit/Maps/2D_Game_Example/Sprites/Sprite_Gremlin2.uasset" 799
"../../../GoblinInvasion/Content/AdvancedTurnBasedTileToolkit/Maps/2D_Game_Example/Blueprints/Pawns/Unit_2D_Sprite_Monster_Gremlin2.uasset" 800
"../../../GoblinInvasion/Content/AdvancedTurnBasedTileToolkit/Maps/2D_Game_Example/Sprites/Sprite_Hydra1.uasset" 801
"../../../GoblinInvasion/Content/AdvancedTurnBasedTileToolkit/Maps/2D_Game_Example/Sprites/Sprite_Hydra2.uasset" 802
"../../../GoblinInvasion/Content/AdvancedTurnBasedTileToolkit/Maps/2D_Game_Example/Sprites/Sprite_Hydra3.uasset" 803
"../../../GoblinInvasion/Content/AdvancedTurnBasedTileToolkit/Maps/2D_Game_Example/Sprites/Sprite_Hydra4.uasset" 804
"../../../GoblinInvasion/Content/AdvancedTurnBasedTileToolkit/Maps/2D_Game_Example/Sprites/Sprite_Hydra5.uasset" 805
"../../../GoblinInvasion/Content/AdvancedTurnBasedTileToolkit/Maps/2D_Game_Example/Blueprints/Pawns/Unit_2D_Sprite_Monster_Hydra.uasset" 806
"../../../GoblinInvasion/Content/AdvancedTurnBasedTileToolkit/Maps/2D_Game_Example/Sprites/Sprite_Myconoid.uasset" 807
"../../../GoblinInvasion/Content/AdvancedTurnBasedTileToolkit/Maps/2D_Game_Example/Blueprints/Pawns/Unit_2D_Sprite_Monster_Myconoid.uasset" 808
"../../../GoblinInvasion/Content/AdvancedTurnBasedTileToolkit/Maps/2D_Game_Example/Sprites/Sprite_Ogre.uasset" 809
"../../../GoblinInvasion/Content/AdvancedTurnBasedTileToolkit/Maps/2D_Game_Example/Blueprints/Pawns/Unit_2D_Sprite_Monster_Ogre2.uasset" 810
"../../../GoblinInvasion/Content/AdvancedTurnBasedTileToolkit/Maps/2D_Game_Example/Sprites/Sprite_Orb.uasset" 811
"../../../GoblinInvasion/Content/AdvancedTurnBasedTileToolkit/Maps/2D_Game_Example/Blueprints/Items/Projectile_Purple.uasset" 812
"../../../GoblinInvasion/Content/AdvancedTurnBasedTileToolkit/Maps/2D_Game_Example/Sprites/Sprite_SeaMonsterArm1.uasset" 813
"../../../GoblinInvasion/Content/AdvancedTurnBasedTileToolkit/Maps/2D_Game_Example/Sprites/Sprite_SeaMonsterArm3.uasset" 814
"../../../GoblinInvasion/Content/AdvancedTurnBasedTileToolkit/Maps/2D_Game_Example/Blueprints/Tentacle.uasset" 815
"../../../GoblinInvasion/Content/AdvancedTurnBasedTileToolkit/Maps/2D_Game_Example/Sprites/Sprite_SeaMonster.uasset" 816
"../../../GoblinInvasion/Content/AdvancedTurnBasedTileToolkit/Maps/2D_Game_Example/Blueprints/Pawns/Unit_2D_Sprite_Monster_SeaMHead.uasset" 817
"../../../GoblinInvasion/Content/AdvancedTurnBasedTileToolkit/Maps/2D_Game_Example/Sprites/Sprite_Slug.uasset" 818
"../../../GoblinInvasion/Content/AdvancedTurnBasedTileToolkit/Maps/2D_Game_Example/Blueprints/Pawns/Unit_2D_Sprite_Monster_Slug.uasset" 819
"../../../GoblinInvasion/Content/AdvancedTurnBasedTileToolkit/Maps/2D_Game_Example/Sprites/Sprite_Snail.uasset" 820
"../../../GoblinInvasion/Content/AdvancedTurnBasedTileToolkit/Maps/2D_Game_Example/Sprites/Sprite_SnailShell.uasset" 821
"../../../GoblinInvasion/Content/AdvancedTurnBasedTileToolkit/Maps/2D_Game_Example/Blueprints/Pawns/Unit_2D_Sprite_Monster_Snail.uasset" 822
"../../../GoblinInvasion/Content/AdvancedTurnBasedTileToolkit/Maps/2D_Game_Example/Sprites/Sprite_Toad.uasset" 823
"../../../GoblinInvasion/Content/AdvancedTurnBasedTileToolkit/Maps/2D_Game_Example/Blueprints/Pawns/Unit_2D_Sprite_Monster_Toad.uasset" 824
"../../../GoblinInvasion/Content/AdvancedTurnBasedTileToolkit/Maps/2D_Game_Example/Sprites/Sprite_TombGuard.uasset" 825
"../../../GoblinInvasion/Content/AdvancedTurnBasedTileToolkit/Maps/2D_Game_Example/Blueprints/Pawns/Unit_2D_Sprite_Monster_Tomb_Guard.uasset" 826
"../../../GoblinInvasion/Content/AdvancedTurnBasedTileToolkit/Maps/2D_Game_Example/Sprites/Sprite_TombPriest.uasset" 827
"../../../GoblinInvasion/Content/AdvancedTurnBasedTileToolkit/Maps/2D_Game_Example/Blueprints/Pawns/Unit_2D_Sprite_Monster_Tomb_Mage.uasset" 828
"../../../GoblinInvasion/Content/AdvancedTurnBasedTileToolkit/Maps/2D_Game_Example/Sprites/Sprite_NagaBone.uasset" 829
"../../../GoblinInvasion/Content/AdvancedTurnBasedTileToolkit/Maps/2D_Game_Example/Blueprints/Pawns/Unit_2D_Sprite_Monster_Tomb_Naga.uasset" 830
"../../../GoblinInvasion/Content/AdvancedTurnBasedTileToolkit/Maps/2D_Game_Example/Sprites/Sprite_Sphinx.uasset" 831
"../../../GoblinInvasion/Content/AdvancedTurnBasedTileToolkit/Maps/2D_Game_Example/Blueprints/Pawns/Unit_2D_Sprite_Monster_Tomb_Sphinx.uasset" 832
"../../../GoblinInvasion/Content/AdvancedTurnBasedTileToolkit/Maps/2D_Game_Example/Sprites/Sprite_Wasp.uasset" 833
"../../../GoblinInvasion/Content/AdvancedTurnBasedTileToolkit/Maps/2D_Game_Example/Blueprints/Pawns/Unit_2D_Sprite_Monster_Wasp.uasset" 834
"../../../GoblinInvasion/Content/AdvancedTurnBasedTileToolkit/Maps/2D_Game_Example/Sprites/Sprite_WaspQueen.uasset" 835
"../../../GoblinInvasion/Content/AdvancedTurnBasedTileToolkit/Maps/2D_Game_Example/Blueprints/Pawns/Unit_2D_Sprite_Monster_Wasp_Queen.uasset" 836
"../../../GoblinInvasion/Content/AdvancedTurnBasedTileToolkit/Maps/2D_Game_Example/Sprites/Sprite_Lava1.uasset" 837
"../../../GoblinInvasion/Content/AdvancedTurnBasedTileToolkit/Maps/2D_Game_Example/Sprites/Sprite_Lava2.uasset" 838
"../../../GoblinInvasion/Content/AdvancedTurnBasedTileToolkit/Maps/2D_Game_Example/Sprites/Sprite_Lava3.uasset" 839
"../../../GoblinInvasion/Content/AdvancedTurnBasedTileToolkit/Maps/2D_Game_Example/Sprites/Sprite_Lava4.uasset" 840
"../../../GoblinInvasion/Content/AdvancedTurnBasedTileToolkit/Maps/2D_Game_Example/Sprites/Flipbook_Lava.uasset" 841
"../../../GoblinInvasion/Content/AdvancedTurnBasedTileToolkit/Maps/2D_Game_Example/Blueprints/Tiles/tile_2D_lava.uasset" 842
"../../../GoblinInvasion/Content/AdvancedTurnBasedTileToolkit/Maps/2D_Game_Example/Blueprints/Tiles/Tile_2D_Wall_Invisible_SeeThrough.uasset" 843
"../../../GoblinInvasion/Content/AdvancedTurnBasedTileToolkit/Maps/2D_Game_Example/Sound/Dungeon_Music_Cue.uasset" 844
"../../../GoblinInvasion/Content/AdvancedTurnBasedTileToolkit/Maps/2D_Game_Example/Sprites/Sprite_SeaMonsterArm4.uasset" 845
"../../../GoblinInvasion/Content/AdvancedTurnBasedTileToolkit/Maps/2D_Game_Example/Sprites/Sprite_SeaMonsterArm5.uasset" 846
"../../../Engine/Plugins/2D/Paper2D/Content/TranslucentUnlitSpriteMaterial.uasset" 847
"../../../GoblinInvasion/Content/AdvancedTurnBasedTileToolkit/Maps/2D_Game_Example/Textures/DungeonCrawl_ProjectUtumnoTileset_TileSet.uasset" 848
"../../../GoblinInvasion/Content/AdvancedTurnBasedTileToolkit/Maps/2D_Game_Example/Tilemaps/DungeonTileMapGround.uasset" 849
"../../../GoblinInvasion/Content/AdvancedTurnBasedTileToolkit/Maps/2D_Game_Example/Tilemaps/DungeonTileMapWalls.uasset" 850
"../../../GoblinInvasion/Content/AdvancedTurnBasedTileToolkit/Maps/2D_Game_Example/Hydras_Lair.umap" 851
